{
  "RSpec": {
    "coverage": {
      "/Users/jimmytruong/turing/3module/projects/apicurious/app/helpers/application_helper.rb": [
        1,
        null
      ],
      "/Users/jimmytruong/turing/3module/projects/apicurious/app/models/user.rb": [
        1,
        1,
        6,
        6,
        6,
        6,
        6,
        6,
        6,
        6,
        6,
        null,
        null,
        null
      ],
      "/Users/jimmytruong/turing/3module/projects/apicurious/app/models/application_record.rb": [
        1,
        1,
        null
      ],
      "/Users/jimmytruong/turing/3module/projects/apicurious/app/services/github_service.rb": [
        1,
        null,
        1,
        21,
        21,
        21,
        21,
        21,
        null,
        null,
        null,
        1,
        2,
        null,
        null,
        1,
        2,
        2,
        null,
        null,
        1,
        1,
        null,
        null,
        1,
        1,
        1,
        null,
        null,
        1,
        3,
        null,
        null,
        1,
        3,
        3,
        3,
        3,
        90,
        65,
        null,
        null,
        3,
        null,
        null,
        1,
        3,
        null,
        null,
        1,
        3,
        3,
        null,
        null,
        1,
        6,
        null,
        null,
        1,
        6,
        6,
        null,
        null,
        1,
        2,
        null,
        null,
        1,
        2,
        2,
        null,
        null,
        1,
        2,
        null,
        null,
        1,
        2,
        2,
        null,
        null,
        1,
        2,
        null,
        null,
        1,
        2,
        2,
        null,
        null
      ],
      "/Users/jimmytruong/turing/3module/projects/apicurious/app/controllers/sessions_controller.rb": [
        1,
        1,
        null,
        null,
        1,
        5,
        5,
        5,
        5,
        null,
        0,
        null,
        null,
        null,
        1,
        0,
        0,
        null,
        null
      ],
      "/Users/jimmytruong/turing/3module/projects/apicurious/app/controllers/application_controller.rb": [
        1,
        1,
        null,
        1,
        null,
        1,
        35,
        null,
        null,
        1,
        0,
        null,
        null
      ],
      "/Users/jimmytruong/turing/3module/projects/apicurious/app/controllers/dashboard_controller.rb": [
        1,
        1,
        5,
        null,
        null
      ],
      "/Users/jimmytruong/turing/3module/projects/apicurious/app/models/dashboard.rb": [
        1,
        1,
        5,
        null,
        null
      ],
      "/Users/jimmytruong/turing/3module/projects/apicurious/app/controllers/activities_controller.rb": [
        1,
        1,
        2,
        2,
        null,
        null
      ],
      "/Users/jimmytruong/turing/3module/projects/apicurious/app/models/activity.rb": [
        1,
        1,
        2,
        null,
        null,
        1,
        2,
        null,
        null
      ],
      "/Users/jimmytruong/turing/3module/projects/apicurious/app/controllers/account_controller.rb": [
        1,
        1,
        1,
        1,
        1,
        1,
        null,
        null
      ],
      "/Users/jimmytruong/turing/3module/projects/apicurious/app/models/account.rb": [
        1,
        1,
        1,
        null,
        null,
        1,
        1,
        null,
        null,
        1,
        1,
        null,
        null,
        1,
        1,
        null,
        null
      ],
      "/Users/jimmytruong/turing/3module/projects/apicurious/app/channels/application_cable/channel.rb": [
        0,
        0,
        0,
        0
      ],
      "/Users/jimmytruong/turing/3module/projects/apicurious/app/channels/application_cable/connection.rb": [
        0,
        0,
        0,
        0
      ],
      "/Users/jimmytruong/turing/3module/projects/apicurious/app/controllers/repositories_controller.rb": [
        0,
        0,
        0,
        0,
        0
      ],
      "/Users/jimmytruong/turing/3module/projects/apicurious/app/jobs/application_job.rb": [
        0,
        0
      ],
      "/Users/jimmytruong/turing/3module/projects/apicurious/app/mailers/application_mailer.rb": [
        0,
        0,
        0,
        0
      ],
      "/Users/jimmytruong/turing/3module/projects/apicurious/app/models/repository.rb": [
        0,
        0,
        0,
        0,
        0
      ]
    },
    "timestamp": 1503612908
  }
}
